\BOOKMARK [1][-]{section*.2}{\376\377\000F\000o\000r\000w\000a\000r\000d}{}% 1
\BOOKMARK [1][-]{section*.3}{\376\377\000I\000n\000t\000r\000o\000d\000u\000c\000t\000i\000o\000n}{}% 2
\BOOKMARK [1][-]{section*.4}{\376\377\000S\000y\000s\000t\000e\000m\000\040\000A\000r\000c\000h\000i\000t\000e\000c\000t\000u\000r\000e}{}% 3
\BOOKMARK [2][-]{section*.5}{\376\377\000A\000c\000t\000i\000v\000e\000\040\000P\000e\000e\000r\000\040\000S\000e\000l\000e\000c\000t\000i\000o\000n}{section*.4}% 4
\BOOKMARK [1][-]{section*.6}{\376\377\000E\000n\000t\000r\000o\000p\000y\000\040\000R\000a\000t\000e}{}% 5
\BOOKMARK [2][-]{section*.7}{\376\377\000M\000a\000x\000i\000m\000i\000z\000a\000t\000i\000o\000n\000\040\000v\000s\000\040\000M\000i\000n\000i\000m\000i\000z\000a\000t\000i\000o\000n}{section*.6}% 6
\BOOKMARK [1][-]{section*.8}{\376\377\000L\0000\000\040\000c\000o\000n\000s\000e\000n\000s\000u\000s\000:\000\040\000P\000e\000r\000m\000i\000s\000s\000i\000o\000n\000l\000e\000s\000s\000\040\000v\000s\000\040\000P\000e\000r\000m\000i\000s\000s\000i\000o\000n\000e\000d\000\040\000a\000p\000p\000r\000o\000a\000c\000h\000e\000s}{}% 7
\BOOKMARK [1][-]{section*.9}{\376\377\000M\000o\000n\000t\000e\000\040\000C\000a\000r\000l\000o\000\040\000s\000i\000m\000u\000l\000a\000t\000i\000o\000n\000:\000\040\000e\000s\000t\000i\000m\000a\000t\000i\000o\000n\000\040\000v\000i\000a\000\040\000s\000e\000l\000f\000\040\000a\000v\000o\000i\000d\000i\000n\000g\000\040\000r\000a\000n\000d\000o\000m\000\040\000w\000a\000l\000k}{}% 8
\BOOKMARK [1][-]{section*.10}{\376\377\000C\000l\000a\000s\000s\000i\000f\000i\000c\000a\000t\000i\000o\000n\000\040\000l\000o\000g\000i\000c}{}% 9
\BOOKMARK [1][-]{section*.11}{\376\377\000E\000x\000p\000e\000r\000i\000m\000e\000n\000t\000a\000l\000\040\000r\000e\000s\000u\000l\000t\000s}{}% 10
\BOOKMARK [1][-]{section*.12}{\376\377\000S\000y\000b\000i\000l\000\040\000r\000e\000s\000i\000s\000t\000a\000n\000c\000e}{}% 11
\BOOKMARK [2][-]{section*.13}{\376\377\000S\000y\000b\000i\000l\000\040\000a\000t\000t\000a\000c\000k}{section*.12}% 12
\BOOKMARK [2][-]{section*.14}{\376\377\000L\000i\000e\000\040\000a\000n\000d\000\040\000w\000a\000i\000t\000\040\000a\000t\000t\000a\000c\000k}{section*.12}% 13
\BOOKMARK [2][-]{section*.15}{\376\377\000E\000c\000l\000i\000p\000s\000e\000\040\000a\000t\000t\000a\000c\000k}{section*.12}% 14
\BOOKMARK [2][-]{section*.16}{\376\377\000G\000h\000o\000s\000t\000\040\000C\000h\000a\000i\000n\000\040\000A\000t\000t\000a\000c\000k}{section*.12}% 15
\BOOKMARK [1][-]{section*.17}{\376\377\000F\000u\000r\000t\000h\000e\000r\000\040\000i\000n\000v\000e\000s\000t\000i\000g\000a\000t\000i\000o\000n}{}% 16
\BOOKMARK [2][-]{section*.18}{\376\377\000F\000r\000a\000c\000t\000a\000l\000\040\000G\000e\000o\000m\000e\000t\000r\000y}{section*.17}% 17
\BOOKMARK [2][-]{section*.19}{\376\377\000i\000n\000f\000o\000r\000m\000a\000t\000i\000o\000n\000\040\000t\000h\000e\000o\000r\000y}{section*.17}% 18
\BOOKMARK [2][-]{section*.20}{\376\377\000P\000o\000s\000t\000\040\000Q\000u\000a\000n\000t\000u\000m\000\040\000C\000r\000y\000p\000t\000o\000g\000r\000a\000p\000h\000y}{section*.17}% 19
\BOOKMARK [1][-]{section*.21}{\376\377\000C\000o\000n\000c\000l\000u\000s\000i\000o\000n}{}% 20
